<?xml version="1.0" encoding="UTF-8"?>
<testsuite xmlns:xsi="http://www.w3.org/2001/XMLSchema-instance" xsi:noNamespaceSchemaLocation="https://maven.apache.org/surefire/maven-surefire-plugin/xsd/surefire-test-report-3.0.xsd" version="3.0" name="com.example.LoginBoundaryTest" time="0.597" tests="2" errors="0" skipped="0" failures="0">
  <properties>
[...]
</properties>
  <testcase name="testSuccessfulLoginRedirectsToDashboard" classname="com.example.LoginBoundaryTest" time="0.553">
    <system-err><![CDATA[May 14, 2024 11:25:54 PM com.mongodb.internal.diagnostics.logging.Loggers shouldUseSLF4J
WARNING: SLF4J not found on the classpath.  Logging is disabled for the 'org.mongodb.driver' component
]]></system-err>
  </testcase>
  <testcase name="testFailedLoginRedirectsToLoginPageWithError" classname="com.example.LoginBoundaryTest" time="0.001"/>
</testsuite>